2025-12-16 02:18:37,076 ERROR pyMediaConvert.ui.media_tools_ui: Worker 线程中发生未捕获的异常: 'NoneType' object has no attribute 'set_description'
Traceback (most recent call last):
  File "/Users/tim/Documents/shell/pyMediaConvert/pyMediaConvert/ui/media_tools_ui.py", line 84, in run
    converter.run(Path(self.input_dir), Path(self.output_dir))
    ~~~~~~~~~~~~~^^^^^^^^^^^^^^^^^^^^^^^^^^^^^^^^^^^^^^^^^^^^^
  File "/Users/tim/Documents/shell/pyMediaConvert/pyMediaConvert/mediaconvert/worker.py", line 575, in run
    overall_pbar.set_description(f"总进度 ({idx}/{total})")
    ^^^^^^^^^^^^^^^^^^^^^^^^^^^^
AttributeError: 'NoneType' object has no attribute 'set_description'
2025-12-16 02:26:50,080 INFO pyMediaConvert.mediaconvert.worker: 用户请求停止，终止 FFMPEG 进程
2025-12-16 02:26:50,120 INFO pyMediaConvert.mediaconvert.worker: 收到停止请求，退出批处理循环。
2025-12-16 02:26:50,120 INFO pyMediaConvert.mediaconvert.worker: 批处理完成: 23/23 文件完成
2025-12-16 02:28:07,879 INFO pyMediaConvert.mediaconvert.worker: 用户请求停止，终止 FFMPEG 进程
2025-12-16 02:28:07,918 INFO pyMediaConvert.mediaconvert.worker: 收到停止请求，退出批处理循环。
2025-12-16 02:28:07,919 INFO pyMediaConvert.mediaconvert.worker: 批处理完成: 23/23 文件完成
2025-12-16 02:28:52,391 INFO pyMediaConvert.mediaconvert.worker: 用户请求停止，终止 FFMPEG 进程
2025-12-16 02:28:52,432 INFO pyMediaConvert.mediaconvert.worker: 收到停止请求，退出批处理循环。
2025-12-16 02:28:52,432 INFO pyMediaConvert.mediaconvert.worker: 批处理完成: 23/23 文件完成
2025-12-16 02:50:37,247 INFO pyMediaConvert.mediaconvert.worker: 用户请求停止，终止 FFMPEG 进程
2025-12-16 02:50:37,247 INFO pyMediaConvert.mediaconvert.worker: 进程 62438 已被强制终止。
2025-12-16 02:50:37,274 INFO pyMediaConvert.mediaconvert.worker: 用户请求停止，终止 FFMPEG 进程
2025-12-16 02:50:37,274 INFO pyMediaConvert.mediaconvert.worker: 进程 62444 已被强制终止。
2025-12-16 02:50:37,274 INFO pyMediaConvert.mediaconvert.worker: 收到停止请求，退出批处理循环。
2025-12-16 02:50:37,275 INFO pyMediaConvert.mediaconvert.worker: 批处理完成: 23/23 文件完成
2025-12-16 03:05:29,263 INFO pyMediaConvert.mediaconvert.worker: 用户请求停止，终止 FFMPEG 进程
2025-12-16 03:05:29,303 INFO pyMediaConvert.mediaconvert.worker: 收到停止请求，退出批处理循环。
2025-12-16 03:05:29,303 INFO pyMediaConvert.mediaconvert.worker: 批处理完成: 23/23 文件完成
2025-12-16 03:21:24,925 ERROR pyMediaConvert.ui.media_tools_ui: Worker 线程中发生未捕获的异常: 'LogoConverter' object has no attribute 'run'
Traceback (most recent call last):
  File "/Users/tim/Documents/shell/pyMediaConvert/pyMediaConvert/ui/media_tools_ui.py", line 88, in run
    converter.run(Path(self.input_dir), Path(self.output_dir))
    ^^^^^^^^^^^^^
AttributeError: 'LogoConverter' object has no attribute 'run'
2025-12-16 03:25:04,616 INFO pyMediaConvert.mediaconvert.worker: 用户请求停止，终止 FFMPEG 进程
2025-12-16 03:25:04,656 INFO pyMediaConvert.mediaconvert.worker: 收到停止请求，退出批处理循环。
2025-12-16 03:25:04,658 INFO pyMediaConvert.mediaconvert.worker: 批处理完成: 23/23 文件完成
2025-12-16 03:34:08,726 INFO pyMediaConvert.mediaconvert.worker: 用户请求停止，终止 FFMPEG 进程
2025-12-16 03:34:08,749 INFO pyMediaConvert.mediaconvert.worker: 收到停止请求，退出批处理循环。
2025-12-16 03:34:08,749 INFO pyMediaConvert.mediaconvert.worker: 批处理完成: 23/23 文件完成
2025-12-16 13:02:29,512 INFO pyMediaConvert.mediaconvert.worker: 用户请求停止，终止 FFMPEG 进程
2025-12-16 13:02:29,784 INFO pyMediaConvert.mediaconvert.worker: 收到停止请求，退出批处理循环。
2025-12-16 13:02:29,784 INFO pyMediaConvert.mediaconvert.worker: 批处理完成: 2/23 文件完成
2025-12-16 13:30:27,694 ERROR pyMediaConvert.ui.media_tools_ui: Worker 线程中发生未捕获的异常: 'LogoConverter' object has no attribute 'run'
Traceback (most recent call last):
  File "/Users/tim/Documents/shell/pyMediaConvert/pyMediaConvert/ui/media_tools_ui.py", line 88, in run
    converter.run(Path(self.input_dir), Path(self.output_dir), self.monitor)
    ^^^^^^^^^^^^^
AttributeError: 'LogoConverter' object has no attribute 'run'
2025-12-16 13:32:05,705 INFO pyMediaConvert.mediaconvert.worker: 收到停止请求，退出批处理循环。
2025-12-16 13:32:05,706 INFO pyMediaConvert.mediaconvert.worker: 批处理完成: 2/23 文件完成
